<?xml version="1.0" encoding="UTF-8"?>
<!-- Generated by org.testng.reporters.JUnitXMLReporter -->
<testsuite ignored="0" hostname="QQSPLEKLTP0176" failures="0" tests="4" name="SeleniumTask" time="10.069" errors="0" timestamp="2023-01-06T21:31:38 IST">
  <testcase classname="bookstoreAppSeleniumTask.SelemiumTask" name="varifyingTheTittle" time="0.018"/>
  <testcase classname="bookstoreAppSeleniumTask.SelemiumTask" name="varifyTheBookStoreLogoDisplayingOrNot" time="0.062"/>
  <testcase classname="bookstoreAppSeleniumTask.SelemiumTask" name="loginToTheBookStoreApp" time="0.536"/>
  <testcase classname="bookstoreAppSeleniumTask.SelemiumTask" name="addingBookToCart" time="0.277"/>
</testsuite> <!-- SeleniumTask -->
